------------------------------------------------------------------------------
                           GCC Code Coverage Report
Directory: .
------------------------------------------------------------------------------
File                                       Lines    Exec  Cover   Missing
------------------------------------------------------------------------------
include/tensor_pool/tp_error.h                 4       0     0%   10,12,15,17
include/tensor_pool/tp_seqlock.h              13      13   100%
src/tp_aeron.c                                59       0     0%   9,11,13-14,17,19,21,24,26,28-30,34,36-38,41,43-47,50,53,55,57,60,62-63,66,68-69,72,75,81,83,85-86,89,91,94-95,97,99,101,104,107,117,119,121-122,125,135,138-139,141,143,145,148
src/tp_client.c                              252     108    42%   14-15,26-27,45,51,53,55,58,61,63,65,68,71,73,75,78,81,83,85,88,91,93,95,98,101,103,105,108-109,112,114,116,119-120,123,125,127,130,137,143,145,147,150,157,167,177,183,185,187,190,193,195,197,200,203,205,207,210,213,215,217,220,227,237,267,275,293-294,301,309,314,316-318,320,327,336,345-346,351,360,364-366,368,370,374,384,393,406-407,412,418,423,428,430,435-436,438,440-441,444,446,448-449,451,453,465-466,477-478,499,503,505-506,509,511,513-514,518-521,524,527,529,531-532,535,537,539,541,545,547-549,551,554-555,566-567,592-593
src/tp_client_conductor.c                    116      65    56%   16-17,24,30,32,38,40,48,56,62,64,70,85-86,102-103,110,115-117,122-124,134,140,142-143,146-151,153,160-161,166,171,182,205-206,221-222,236-237,249-250,268-269,289-290
src/tp_clock.c                                 8       6    75%   15,27
src/tp_consumer.c                            841     574    68%   42,58,90,110,122,132,154,165,186,200,204-205,216,221-222,234,246,252,271-272,277-278,283-284,289-290,296-297,304-305,315-316,321-322,344,372,374,376,379,381,383,386,388,391,393,396,398,401,403,406,408,416,456,471,503-504,556-557,567-568,580-581,593,595-596,600,602-603,610-612,619-620,660,666-667,673-674,693,695-696,698,700-701,703,706-707,709,711,713-714,718-719,734,747,754-755,781-782,800,805,807-808,812,826-827,832,840,858-859,872,880,892-893,911-912,929,941,953,959,961,972,985-986,1000,1008-1011,1018-1019,1024,1033,1047-1048,1065-1066,1073-1075,1101,1107,1114,1125-1126,1137,1147,1162,1168,1227,1232,1234,1236,1238-1239,1242,1244,1246,1248,1251,1253,1255,1258,1260-1262,1265,1267,1270-1271,1273-1274,1276-1277,1280,1282-1285,1288-1295,1297,1299-1301,1303-1304,1306,1313-1314,1324,1329-1330,1347-1348,1353,1358,1363-1364,1370-1371,1385,1390,1395,1401,1406,1411,1416,1421,1434-1435,1459-1460,1465,1470-1471,1476,1481,1487-1488,1495,1500,1506,1511,1516-1517,1523-1524,1529-1530,1541-1542,1547,1552,1562-1563,1576,1586,1596,1607,1625,1635,1648,1655-1656,1658,1660,1662,1664,1695,1701,1703,1705,1708,1715,1772,1778-1780,1785-1786
src/tp_consumer_manager.c                    181     103    56%   34-35,40,48,62,74,81-82,95,105,113,115,117,120,122-123,126-127,134,155-156,161,166,174,186,198-199,204,206,208-210,212,216,218-219,224-225,243,255-256,269-270,276,281,291-292,298,300,302-303,306-307,322-323,339,342,344,357,366,368,370-371,374-375,377,381,384,393,401,403,405-406,409-410,412,416,419
src/tp_consumer_registry.c                   154     123    79%   14,19-20,42-43,56-57,62-63,83-84,91,104,117-118,136,159,173-174,179,188-189,217,236-237,252-253,257-258,282-283
src/tp_context.c                              99      76    76%   21,28,39,62,72,91,93,95,113,125,140,155-156,163,169-170,180-182,188-190,204
src/tp_control.c                             289     169    58%   29,51-52,57,62-63,68,73-74,103,112,121,129,131,144,146,170-171,202,214,226,242-243,272,284,302-303,330,339,364,369-370,372,374-375,378,382,384-387,389-394,396,399,404-405,407,409-410,413,415-416,419,421-422,425,429,431-434,436-440,445,448,453-454,456,458-459,462,466,468-471,473-476,478,496-497,503-504,509-510,529-530,562-563,572-573,606,611-612,614,616-617,620,624,626-629,631-633,635,637,644,647
src/tp_control_adapter.c                     460     284    61%   24,28-29,31,33,36,45,50,79-80,85-86,109-110,115-116,143-144,185-186,205-206,211-212,260-261,269-270,290-291,297-298,317-318,323-324,364-365,371-372,395-396,401-402,433-434,456-457,469-470,480-481,492-494,503-505,514-516,536-537,542-543,561,578-579,588-589,608-609,614-615,666-667,672-673,696-697,702-703,722-723,742-743,748-749,790,818-819,824-825,843,848-849,854-855,878-879,897-898,905-906,920,922,929,931,934,938,941-942,944,946,949,952,954-955,957,960,963,965,967,970,973,975,977,980,983,985,987,990,993,995,997,1000,1003,1005-1006,1008,1015,1017,1023,1030,1032,1034-1035,1038-1039,1041,1051,1054,1056,1058,1060,1063,1065-1067,1070,1073,1075,1077,1080,1082-1083,1086,1088-1089,1092,1095,1097,1099-1100,1103,1106
src/tp_control_poller.c                       75       0     0%   10,17,19,22,24,26,28,30,35,37,55,57,60-61,63-65,68,70-71,74,76-77,80,82-83,86,88-89,92-93,95-96,99,101,103,105,107,109,111,114,116,118,120,122,124,128,130,133,135-136,139,141-142,145,147-148,159,161,163-164,167-169,171,174,176,179,182,184,186-187,190-191,193
src/tp_discovery_client.c                    404     156    38%   30,32,34-35,38-41,44,46,48,51-52,55,57,59,62-63,72,83,108-109,126,137-138,151,159,169-172,194-197,214,255-258,265-269,281,301-304,322-326,338,343-346,358-361,372-375,410-413,422,428,433,435,438-439,441,445,450-451,453,455-456,459-461,463,465-466,469,471-472,475,478,480,482,484,487,489,491-492,499,502,504,506,508,512,515,517,519,522,524-525,528,530-531,534,549-550,554,560-561,563-564,567,569-570,573,577,579-582,584-588,590,594,597,599,603,606,608,612,615,618,620,623,626,629,631-632,635,637,640,642,645,647,650,652-655,660,662-663,665,670,675,677,683-684,686,689,692,695-697,699,701-702,705,707-709,711,713,716,718,724,726-727,730,732,734,736,738-740,745-746,749,751,756,758,761-762,764,766,768,772,777,779-780,783-785,787,790,792,795,798,800,802-803,806-807,809,813,815,817,820-825,834,845,856,861,866,872,884
src/tp_driver_client.c                       638     179    28%   47,52-53,58,87-88,105,116-117,130,166,176-178,192-195,210-213,220-224,236,246-249,254-257,264-267,272-275,284-287,292-295,302,304,310-311,313,315,320-321,327-329,350-351,368,373-374,428-429,451-452,457-458,520-521,543-544,549-550,583,589,591,595,597,600,602,605,608,612,614,618-621,625-626,628,633-637,639,641,645,647,651,653,656,658,662,664,668,670,673,675,679,681,683-684,687-689,691,693-694,697,699-700,703,705,707,711,714,716,718,720,723,725-727,730,733,735,737,740,742-743,746,748,751,753,756,761,763,765-766,769,771,774-779,782,786,788-789,792,794-795,797,799,801,803,805,807,810,812,814,818-819,821,824,826,829,831,834-835,837,839,843,845-846,849,852,854,856,858-859,862,864,867-871,874,878,880-881,884,886,889-892,894,896,899,901,903,907-908,910,913,915,918,920,923-924,926-927,929,932,937-938,940,942,944,947,951,953-956,958,964-971,973,979,982,984,988-995,998-999,1001,1003,1007,1010,1013,1016,1018,1020-1021,1024,1026,1028,1030,1032,1034,1036,1038,1041,1044,1048,1050,1052-1053,1055,1058,1061,1068-1073,1075,1077-1078,1081,1083,1086-1087,1089,1091,1094,1096,1099-1100,1102-1105,1107,1109,1112,1114,1119,1121,1123,1126,1128-1130,1132,1134-1135,1137,1141-1143,1145,1149,1151,1153,1155,1159,1162,1167-1168,1171,1173-1174,1177,1181,1183-1186,1188-1193,1195-1196,1198,1201,1203,1206,1209,1214-1215,1218,1220-1221,1224,1228,1230-1233,1235-1240,1242-1243,1245,1248,1255,1267,1273,1280,1282,1285,1287,1289-1290,1294,1296,1298-1299,1303,1305,1307-1308,1313,1318,1320-1321,1324-1327,1329,1332,1334,1337,1340,1342,1344,1347,1349-1350,1353-1354,1357,1359,1361-1362,1365,1368,1372,1378,1380-1381,1384-1389,1400-1401,1407-1410,1412-1414,1416,1427-1428,1433,1443-1444,1449
src/tp_join_barrier.c                        433     277    64%   34,63-64,76,80-82,86-90,100,123,129,131,133,136,143,180-181,186-187,192-193,211-212,217-218,223-224,244-245,250-251,256-257,275-276,281-282,287-288,311,323,336-337,342-343,358,364,366,368-369,372,374-375,378-381,392-393,398-399,417-418,423,433-434,444,452,454,456-457,460,462,465,467,470,472-473,476-479,491,510-511,516-517,531-532,537-538,561-562,567,580,593,600,604,610-611,616,621,623,643,651-652,654,656,658,660,668,672,678,688,690,704-705,710,721-722,737,764-765,770,798,808,813-814,819-820,830,835,845,850,863-864,883-884,889-890,895-896,901-902,912-913,918-919,924-925,930-931
src/tp_log.c                                  48      26    54%   10-13,16-21,35,43,45,47,50-51,54,56,58,61,91,96
src/tp_merge_map.c                           475     201    42%   24,35,40,47,51,53,60,62,64,66,69,85-86,91-92,121,137-138,184-185,190-191,213-214,219-220,247-248,254-255,270,276-277,301-302,308-309,314-315,334-335,377-378,383-384,401,406-407,412-413,442-443,448-449,480,485,507-508,527-528,558-559,564-565,582,587-588,593-594,617,622-623,634-635,641-642,658-659,664-665,670-671,685-686,691,693-694,696-697,699-701,703-704,709-710,717,727,729-730,733,737,739-742,744,749-750,752-754,757,770,772-773,776,778-779,782,786,788-791,793-794,796,799,801-802,805,807-808,811,819-821,824,826,828-829,832-833,835,838-840,843,845,847,850,853,855,857,860,862-863,865,867-868,871,874,876,878,881,884,888,890,893,895,898-900,903,911,913,916,918-921,923,927,930,937,939,941-942,944-946,948,950,952,954,958,961,969,971,974,976-979,981,986,994,996-998,1001-1003,1005-1007,1010-1012,1014,1016,1020,1022,1025-1033,1036,1044,1046-1048,1051-1053,1055-1057,1060-1062,1064,1066,1070,1072,1075-1083,1086,1093,1095,1098,1103,1105,1108,1111,1118,1120,1123,1128,1130,1133
src/tp_metadata_poller.c                     123      87    70%   12,28,46-47,52-53,59-61,66-68,80-82,88-90,101-102,114-116,121-123,128-130,173,185,230-231,244,254-255
src/tp_producer.c                            997     651    65%   53,63,75,104,109-111,118,138,146,148,152,154-155,158,160-161,164-166,168-169,172,184-185,190-191,193,208,215,228,257-258,266-267,275-276,286-287,297,307,309,311,314,316,318,321,323,326,328,331,333,336,338,341,343,369-370,427,429-430,432-448,450,452,500,502-503,507,528,530,534,567-568,573,581,593-594,606,612,614,616,619,628,670,682,692,707,714,716,718,721,724,726,728,731-732,751-752,770-771,789,794,796-797,801,811,816,821,833,840,850,865-866,878-879,917,922,929,939-941,952-953,970,982,994,1006,1012,1014,1029-1030,1042-1043,1048-1049,1054,1061,1072,1087,1098-1099,1110,1120,1135,1141,1146-1147,1149,1152,1154,1156-1157,1160,1162,1164-1166,1169,1172,1177,1179,1181,1183-1184,1187,1189,1191,1193,1196,1198,1200,1203,1205-1207,1210,1212,1215-1216,1218-1219,1221-1222,1225,1227-1230,1233-1241,1243,1245-1247,1249-1250,1252,1259-1260,1270,1275-1276,1291-1292,1337-1338,1387-1388,1393-1394,1402-1403,1408-1409,1445,1470,1480-1481,1484,1486-1487,1490,1494,1496-1499,1501-1506,1508-1509,1511,1514,1517,1523-1524,1526,1528,1530,1532-1533,1535,1537,1544,1546,1550,1552,1559,1561,1564,1566-1567,1570,1584-1585,1590-1591,1602,1661-1662,1667-1668,1674-1675,1701-1702,1707-1710,1715,1731,1733,1735-1736,1739,1749-1750,1767,1769,1771-1772,1775,1777-1779,1788-1789,1794,1799,1805-1806,1823,1833,1844,1852,1916-1917,1933-1935,1947-1948,1963-1964,1975-1977,1996-1998,2012,2033,2111,2117-2119,2124-2125
src/tp_progress_poller.c                     163     101    62%   20-21,32-33,49,51-52,54,57-58,67,87-88,96-97,99-100,103,105,107,109,112-114,116,119,151,173,191-192,207-208,215-218,231-232,245-246,253-256,266,279,284,286,289-290,297,307,309-310,312-313,324-325,332,334,339-340
src/tp_qos.c                                 103      88    85%   23-24,48,71-72,98,116,130,176,181,201-202,214,224-225
src/tp_shm.c                                 325     229    70%   44-45,54,78,84,103,105-106,111-112,132-133,138-139,160-161,193-194,235,257-258,263-264,279-281,286-288,293-295,300-302,313-314,330-331,336-337,351-352,381,399-402,414-417,424-428,443-444,451-452,476,478,480-481,502-503,522-523,548-549,554-555,566-567,584-585,593-594,602,620-621,626-627,647-648,653-654,681-682,687-688,715-716,733,741
src/tp_slot.c                                 28      22    78%   23-24,29-30,54-55
src/tp_tensor.c                              137      84    61%   24,26,31,34-36,53-54,59-60,77-78,83-84,111-112,121-122,133-134,145-146,156-157,178,196,200,204,206,209,211,214,216-218,220,222,224,230,245,252,260,262,264,267,269,274,287-288,300-301,320-321
src/tp_trace.c                                65      48    73%   36-37,49-50,62-63,80-81,88,90,106-107,111,150,158,168,178
src/tp_tracelink.c                           193     100    51%   22,29,54-55,68-69,94-95,120-121,126-127,148-149,211-212,217-218,240-241,246-247,265-266,276-277,292-293,298-299,316,318-319,321,323,326,329-331,334,336-337,340,342-343,346,348,350,354-357,359,361,363,366,368,370,372,375,377,379,381,384,386,388,391,400,402-403,406-412,414,417,424,426-427,430,432-433,436-443
src/tp_uri.c                                  74      57    77%   22,33-34,57-58,66-67,74-75,80-81,94-95,103-104,109-110
src/tp_version.c                               2       2   100%
------------------------------------------------------------------------------
TOTAL                                       6759    3829    56%
------------------------------------------------------------------------------
